<?xml version="1.0" encoding="UTF-8"?>
<testng-results skipped="0" failed="0" total="2" passed="2">
  <reporter-output>
  </reporter-output>
  <suite name="toolsqa Suite" duration-ms="80144" started-at="2017-04-29T14:58:03Z" finished-at="2017-04-29T14:59:23Z">
    <groups>
    </groups>
    <test name="Switch Window Test" duration-ms="80144" started-at="2017-04-29T14:58:03Z" finished-at="2017-04-29T14:59:23Z">
      <class name="com.toolsqa.testcases.AutomationPracticeSwitchWindowPage">
        <test-method status="PASS" signature="initialSetUp()[pri:0, instance:com.toolsqa.testcases.AutomationPracticeSwitchWindowPage@5442a311]" name="initialSetUp" is-config="true" duration-ms="27429" started-at="2017-04-29T20:28:03Z" finished-at="2017-04-29T20:28:30Z">
          <reporter-output>
          </reporter-output>
        </test-method> <!-- initialSetUp -->
        <test-method status="PASS" signature="acceptAlert()[pri:1, instance:com.toolsqa.testcases.AutomationPracticeSwitchWindowPage@5442a311]" name="acceptAlert" duration-ms="20492" started-at="2017-04-29T20:28:30Z" description="Verifying accept alert operation" finished-at="2017-04-29T20:28:51Z">
          <reporter-output>
          </reporter-output>
        </test-method> <!-- acceptAlert -->
        <test-method status="PASS" signature="closeBrowser()[pri:0, instance:com.toolsqa.testcases.AutomationPracticeSwitchWindowPage@5442a311]" name="closeBrowser" is-config="true" duration-ms="1567" started-at="2017-04-29T20:28:51Z" finished-at="2017-04-29T20:28:52Z">
          <reporter-output>
          </reporter-output>
        </test-method> <!-- closeBrowser -->
        <test-method status="PASS" signature="initialSetUp()[pri:0, instance:com.toolsqa.testcases.AutomationPracticeSwitchWindowPage@5442a311]" name="initialSetUp" is-config="true" duration-ms="11631" started-at="2017-04-29T20:28:52Z" finished-at="2017-04-29T20:29:04Z">
          <reporter-output>
          </reporter-output>
        </test-method> <!-- initialSetUp -->
        <test-method status="PASS" signature="verifyAllBrands(org.testng.ITestContext)[pri:1, instance:com.toolsqa.testcases.AutomationPracticeSwitchWindowPage@5442a311]" name="verifyAllBrands" duration-ms="17999" started-at="2017-04-29T20:29:04Z" description="Verify text after switching to new window" finished-at="2017-04-29T20:29:22Z">
          <params>
            <param index="0">
              <value>
                <![CDATA[org.testng.TestRunner@5b38c1ec]]>
              </value>
            </param>
          </params>
          <reporter-output>
          </reporter-output>
        </test-method> <!-- verifyAllBrands -->
        <test-method status="PASS" signature="closeBrowser()[pri:0, instance:com.toolsqa.testcases.AutomationPracticeSwitchWindowPage@5442a311]" name="closeBrowser" is-config="true" duration-ms="1001" started-at="2017-04-29T20:29:22Z" finished-at="2017-04-29T20:29:23Z">
          <reporter-output>
          </reporter-output>
        </test-method> <!-- closeBrowser -->
        <test-method status="PASS" signature="afterSuite()[pri:0, instance:com.toolsqa.testcases.AutomationPracticeSwitchWindowPage@5442a311]" name="afterSuite" is-config="true" duration-ms="1" started-at="2017-04-29T20:29:23Z" finished-at="2017-04-29T20:29:23Z">
          <reporter-output>
          </reporter-output>
        </test-method> <!-- afterSuite -->
      </class> <!-- com.toolsqa.testcases.AutomationPracticeSwitchWindowPage -->
    </test> <!-- Switch Window Test -->
  </suite> <!-- toolsqa Suite -->
</testng-results>
