<?xml version="1.0" encoding="UTF-8"?>
<testng-results skipped="0" failed="0" total="1" passed="1">
  <reporter-output>
  </reporter-output>
  <suite name="FileHandling Suite" duration-ms="22633" started-at="2017-04-29T12:51:25Z" finished-at="2017-04-29T12:51:47Z">
    <groups>
    </groups>
    <test name="Profile Test" duration-ms="22633" started-at="2017-04-29T12:51:25Z" finished-at="2017-04-29T12:51:47Z">
      <class name="com.FileHandling.testcases.HomePageTestCases">
        <test-method status="PASS" signature="initialSetUp()[pri:0, instance:com.FileHandling.testcases.HomePageTestCases@42dafa95]" name="initialSetUp" is-config="true" duration-ms="15026" started-at="2017-04-29T18:21:25Z" finished-at="2017-04-29T18:21:40Z">
          <reporter-output>
          </reporter-output>
        </test-method> <!-- initialSetUp -->
        <test-method status="PASS" signature="rechargeInitiate(org.testng.ITestContext)[pri:1, instance:com.FileHandling.testcases.HomePageTestCases@42dafa95]" name="rechargeInitiate" duration-ms="6422" started-at="2017-04-29T18:21:40Z" description="User is able add all the recommended plan to a excel sheet" finished-at="2017-04-29T18:21:46Z">
          <params>
            <param index="0">
              <value>
                <![CDATA[org.testng.TestRunner@7bab3f1a]]>
              </value>
            </param>
          </params>
          <reporter-output>
          </reporter-output>
        </test-method> <!-- rechargeInitiate -->
        <test-method status="PASS" signature="closeBrowser()[pri:0, instance:com.FileHandling.testcases.HomePageTestCases@42dafa95]" name="closeBrowser" is-config="true" duration-ms="1158" started-at="2017-04-29T18:21:46Z" finished-at="2017-04-29T18:21:47Z">
          <reporter-output>
          </reporter-output>
        </test-method> <!-- closeBrowser -->
        <test-method status="PASS" signature="afterSuite()[pri:0, instance:com.FileHandling.testcases.HomePageTestCases@42dafa95]" name="afterSuite" is-config="true" duration-ms="2" started-at="2017-04-29T18:21:47Z" finished-at="2017-04-29T18:21:47Z">
          <reporter-output>
          </reporter-output>
        </test-method> <!-- afterSuite -->
      </class> <!-- com.FileHandling.testcases.HomePageTestCases -->
    </test> <!-- Profile Test -->
  </suite> <!-- FileHandling Suite -->
</testng-results>
