<?xml version="1.0" encoding="UTF-8"?>
<testng-results skipped="0" failed="0" total="1" passed="1">
  <reporter-output>
  </reporter-output>
  <suite name="Google Suite" duration-ms="34320" started-at="2017-04-26T17:13:09Z" finished-at="2017-04-26T17:13:44Z">
    <groups>
    </groups>
    <test name="Profile Test" duration-ms="34320" started-at="2017-04-26T17:13:09Z" finished-at="2017-04-26T17:13:44Z">
      <class name="com.Google.testcases.GooglePageTestCases">
        <test-method status="PASS" signature="initialSetUp()[pri:0, instance:com.Google.testcases.GooglePageTestCases@4883b407]" name="initialSetUp" is-config="true" duration-ms="32040" started-at="2017-04-26T22:43:09Z" finished-at="2017-04-26T22:43:41Z">
          <reporter-output>
          </reporter-output>
        </test-method> <!-- initialSetUp -->
        <test-method status="PASS" signature="contextClickUndo(org.testng.ITestContext)[pri:1, instance:com.Google.testcases.GooglePageTestCases@4883b407]" name="contextClickUndo" duration-ms="1615" started-at="2017-04-26T22:43:41Z" description="User is able to remove text using undo" finished-at="2017-04-26T22:43:43Z">
          <params>
            <param index="0">
              <value>
                <![CDATA[org.testng.TestRunner@434a63ab]]>
              </value>
            </param>
          </params>
          <reporter-output>
          </reporter-output>
        </test-method> <!-- contextClickUndo -->
        <test-method status="PASS" signature="closeBrowser()[pri:0, instance:com.Google.testcases.GooglePageTestCases@4883b407]" name="closeBrowser" is-config="true" duration-ms="645" started-at="2017-04-26T22:43:43Z" finished-at="2017-04-26T22:43:44Z">
          <reporter-output>
          </reporter-output>
        </test-method> <!-- closeBrowser -->
        <test-method status="PASS" signature="afterSuite()[pri:0, instance:com.Google.testcases.GooglePageTestCases@4883b407]" name="afterSuite" is-config="true" duration-ms="15" started-at="2017-04-26T22:43:44Z" finished-at="2017-04-26T22:43:44Z">
          <reporter-output>
          </reporter-output>
        </test-method> <!-- afterSuite -->
      </class> <!-- com.Google.testcases.GooglePageTestCases -->
    </test> <!-- Profile Test -->
  </suite> <!-- Google Suite -->
</testng-results>
