<?xml version="1.0" encoding="UTF-8"?>
<!-- Generated by org.testng.reporters.JUnitXMLReporter -->
<testsuite hostname="Gaurav" name="Profile Test" tests="5" failures="1" timestamp="30 Apr 2017 04:43:48 GMT" time="123.66" errors="0">
  <testcase name="countNoOfIsdPlans" time="6.873" classname="com.Freecharge.testcases.HomePageTestCases"/>
  <testcase name="findLeastValidityPlan" time="6.171" classname="com.Freecharge.testcases.HomePageTestCases"/>
  <testcase name="getEffectivePlan" time="11.002" classname="com.Freecharge.testcases.HomePageTestCases">
    <failure type="java.lang.AssertionError" message="null">
      <![CDATA[java.lang.AssertionError: null
	at com.Freecharge.pages.Home.findPlan(Home.java:83)
	at com.Freecharge.testcases.HomePageTestCases.getEffectivePlan(HomePageTestCases.java:67)
... Removed 26 stack frames]]>
    </failure>
  </testcase> <!-- getEffectivePlan -->
  <testcase name="getPlanCount" time="6.243" classname="com.Freecharge.testcases.HomePageTestCases"/>
  <testcase name="verifyNonFTTPlan" time="6.434" classname="com.Freecharge.testcases.HomePageTestCases"/>
</testsuite> <!-- Profile Test -->
