<?xml version="1.0" encoding="UTF-8"?>
<testng-results skipped="0" failed="0" total="1" passed="1">
  <reporter-output>
  </reporter-output>
  <suite name="W3S Suite" duration-ms="17685" started-at="2017-04-26T03:21:28Z" finished-at="2017-04-26T03:21:45Z">
    <groups>
    </groups>
    <test name="Profile Test" duration-ms="17685" started-at="2017-04-26T03:21:28Z" finished-at="2017-04-26T03:21:45Z">
      <class name="com.w3s.testcases.W3sPageTestCases">
        <test-method status="PASS" signature="initialSetUp()[pri:0, instance:com.w3s.testcases.W3sPageTestCases@53b32d7]" name="initialSetUp" is-config="true" duration-ms="15309" started-at="2017-04-26T08:51:28Z" finished-at="2017-04-26T08:51:43Z">
          <reporter-output>
          </reporter-output>
        </test-method> <!-- initialSetUp -->
        <test-method status="PASS" signature="verifyDropdownValue()[pri:0, instance:com.w3s.testcases.W3sPageTestCases@53b32d7]" name="verifyDropdownValue" duration-ms="1669" started-at="2017-04-26T08:51:43Z" finished-at="2017-04-26T08:51:45Z">
          <reporter-output>
          </reporter-output>
        </test-method> <!-- verifyDropdownValue -->
        <test-method status="PASS" signature="closeBrowser()[pri:0, instance:com.w3s.testcases.W3sPageTestCases@53b32d7]" name="closeBrowser" is-config="true" duration-ms="688" started-at="2017-04-26T08:51:45Z" finished-at="2017-04-26T08:51:45Z">
          <reporter-output>
          </reporter-output>
        </test-method> <!-- closeBrowser -->
        <test-method status="PASS" signature="afterSuite()[pri:0, instance:com.w3s.testcases.W3sPageTestCases@53b32d7]" name="afterSuite" is-config="true" duration-ms="0" started-at="2017-04-26T08:51:45Z" finished-at="2017-04-26T08:51:45Z">
          <reporter-output>
          </reporter-output>
        </test-method> <!-- afterSuite -->
      </class> <!-- com.w3s.testcases.W3sPageTestCases -->
    </test> <!-- Profile Test -->
  </suite> <!-- W3S Suite -->
</testng-results>
