<?xml version="1.0" encoding="UTF-8"?>
<!-- Generated by org.testng.reporters.JUnitXMLReporter -->
<testsuite hostname="Gaurav" name="Switch Window Test" tests="2" failures="0" timestamp="29 Apr 2017 14:59:23 GMT" time="80.144" errors="0">
  <testcase name="acceptAlert" time="20.492" classname="com.toolsqa.testcases.AutomationPracticeSwitchWindowPage"/>
  <testcase name="verifyAllBrands" time="17.999" classname="com.toolsqa.testcases.AutomationPracticeSwitchWindowPage"/>
</testsuite> <!-- Switch Window Test -->
