<?xml version="1.0" encoding="UTF-8"?>
<!-- Generated by org.testng.reporters.JUnitXMLReporter -->
<testsuite hostname="Gaurav" name="JS Test" tests="1" failures="0" timestamp="17 Dec 2017 06:30:30 GMT" time="13.101" errors="0">
  <testcase name="@BeforeMethod initialSetUp" time="0.0" classname="com.Optimus.testcases.ContactUsPageTestCases">
    <failure type="java.lang.AssertionError" message="null">
      <![CDATA[java.lang.AssertionError: null
	at com.Optimus.testcases.ContactUsPageTestCases.initialSetUp(ContactUsPageTestCases.java:40)
... Removed 28 stack frames]]>
    </failure>
  </testcase> <!-- @BeforeMethod initialSetUp -->
  <testcase name="@AfterMethod closeBrowser" time="0.0" classname="com.Optimus.testcases.ContactUsPageTestCases">
    <skipped/>
  </testcase> <!-- @AfterMethod closeBrowser -->
  <testcase name="contact" time="0.0" classname="com.Optimus.testcases.ContactUsPageTestCases">
    <skipped/>
  </testcase> <!-- contact -->
</testsuite> <!-- JS Test -->
